<?xml version="1.0" encoding="UTF-8"?>
<!-- Generated by org.testng.reporters.JUnitReportReporter -->
<testsuite hostname="BSC-PG01M1L5" failures="0" tests="1" name="com.deque.axe.Lightening" time="86.431" errors="0" timestamp="2020-09-03T18:27:42 IST" skipped="0">
  <testcase classname="com.deque.axe.Lightening" name="testLWC" time="86.431"/>
  <system-out/>
</testsuite> <!-- com.deque.axe.Lightening -->
